2024.10.08 22:16:56 INFO  Started: Metals version 1.3.5 in folders '/Users/olalomoellingsen/koding/informatikk/tdt4165/assignments/scala_project/part_1' for client Visual Studio Code 1.94.1.[0m
SLF4J(W): Class path contains multiple SLF4J providers.
SLF4J(W): Found provider [scribe.slf4j.ScribeServiceProvider@307eff21]
SLF4J(W): Found provider [ch.qos.logback.classic.spi.LogbackServiceProvider@1a68e316]
SLF4J(W): See https://www.slf4j.org/codes.html#multiple_bindings for an explanation.
SLF4J(I): Actual provider is of type [scribe.slf4j.ScribeServiceProvider@307eff21]
2024.10.08 22:16:56 WARN  Flyway upgrade recommended: H2 2.3.230 is newer than this version of Flyway and support has not been tested. The latest supported version of H2 is 2.2.220.[0m
2024.10.08 22:16:57 INFO  Attempting to connect to the build server...[0m
2024.10.08 22:16:57 INFO  Running BSP server List(/opt/homebrew/Cellar/scala/3.5.1/libexec/bin/scala-cli.jar, --cli-default-scala-version, 3.5.1, --repository, file:///opt/homebrew/Cellar/scala/3.5.1/libexec/maven2, --prog-name, scala, bsp, --json-options, /Users/olalomoellingsen/koding/informatikk/tdt4165/assignments/scala_project/part_1/.scala-build/ide-options-v2.json, --json-launcher-options, /Users/olalomoellingsen/koding/informatikk/tdt4165/assignments/scala_project/part_1/.scala-build/ide-launcher-options.json, --envs-file, /Users/olalomoellingsen/koding/informatikk/tdt4165/assignments/scala_project/part_1/.scala-build/ide-envs.json, /Users/olalomoellingsen/koding/informatikk/tdt4165/assignments/scala_project/part_1/Main.scala)[0m
2024.10.08 22:16:57 INFO  tracing is disabled for protocol BSP, to enable tracing of incoming and outgoing JSON messages create an empty file at /Users/olalomoellingsen/koding/informatikk/tdt4165/assignments/scala_project/part_1/.metals/bsp.trace.json or /Users/olalomoellingsen/Library/Caches/org.scalameta.metals/bsp.trace.json[0m
okt. 08, 2024 10:16:57 P.M. org.eclipse.lsp4j.jsonrpc.RemoteEndpoint handleCancellation
WARNING: Unmatched cancel notification for request id 2
2024.10.08 22:16:57 INFO  no build target found for /Users/olalomoellingsen/koding/informatikk/tdt4165/assignments/scala_project/part_1/Main.scala. Using presentation compiler with project's scala-library version: 3.3.3[0m
2024.10.08 22:17:00 INFO  time: Connected to build server in 2.9s[0m
2024.10.08 22:17:00 INFO  Connected to Build server: scala v1.4.3[0m
2024.10.08 22:17:00 INFO  time: Imported build in 0.11s[0m
2024.10.08 22:17:00 INFO  running doctor check[0m
2024.10.08 22:17:00 INFO  java targets: part_1_cf478cf45d-357a4bf5af, part_1_cf478cf45d-357a4bf5af-test[0m
2024.10.08 22:17:00 INFO  compiling part_1_cf478cf45d-357a4bf5af (1 scala source)[0m
2024.10.08 22:17:01 WARN  Flyway upgrade recommended: H2 2.3.230 is newer than this version of Flyway and support has not been tested. The latest supported version of H2 is 2.2.220.[0m
2024.10.08 22:17:01 INFO  time: indexed workspace in 1.75s[0m
2024.10.08 22:17:02 INFO  time: compiled part_1_cf478cf45d-357a4bf5af in 1.86s[0m
okt. 09, 2024 11:56:54 A.M. org.eclipse.lsp4j.jsonrpc.services.GenericEndpoint notify
INFO: Unsupported notification method: $/setTrace
2024.10.09 11:58:24 INFO  Shutting down server[0m
2024.10.09 11:58:24 INFO  shutting down Metals[0m
2024.10.09 11:58:24 INFO  Shut down connection with build server.[0m
2024.10.09 11:58:24 INFO  Exiting server[0m
2024.10.09 11:58:28 INFO  Started: Metals version 1.3.5 in folders '/Users/olalomoellingsen/koding/informatikk/tdt4165/assignments/scala_project/part_1' for client Visual Studio Code 1.94.1.[0m
SLF4J(W): Class path contains multiple SLF4J providers.
SLF4J(W): Found provider [scribe.slf4j.ScribeServiceProvider@2db6b049]
SLF4J(W): Found provider [ch.qos.logback.classic.spi.LogbackServiceProvider@3097d8f8]
SLF4J(W): See https://www.slf4j.org/codes.html#multiple_bindings for an explanation.
SLF4J(I): Actual provider is of type [scribe.slf4j.ScribeServiceProvider@2db6b049]
2024.10.09 11:58:28 WARN  Flyway upgrade recommended: H2 2.3.230 is newer than this version of Flyway and support has not been tested. The latest supported version of H2 is 2.2.220.[0m
2024.10.09 11:58:28 INFO  Attempting to connect to the build server...[0m
2024.10.09 11:58:28 INFO  Running BSP server List(/opt/homebrew/Cellar/scala/3.5.1/libexec/bin/scala-cli.jar, --cli-default-scala-version, 3.5.1, --repository, file:///opt/homebrew/Cellar/scala/3.5.1/libexec/maven2, --prog-name, scala, bsp, --json-options, /Users/olalomoellingsen/koding/informatikk/tdt4165/assignments/scala_project/part_1/.scala-build/ide-options-v2.json, --json-launcher-options, /Users/olalomoellingsen/koding/informatikk/tdt4165/assignments/scala_project/part_1/.scala-build/ide-launcher-options.json, --envs-file, /Users/olalomoellingsen/koding/informatikk/tdt4165/assignments/scala_project/part_1/.scala-build/ide-envs.json, /Users/olalomoellingsen/koding/informatikk/tdt4165/assignments/scala_project/part_1/Main.scala)[0m
2024.10.09 11:58:29 INFO  tracing is disabled for protocol BSP, to enable tracing of incoming and outgoing JSON messages create an empty file at /Users/olalomoellingsen/koding/informatikk/tdt4165/assignments/scala_project/part_1/.metals/bsp.trace.json or /Users/olalomoellingsen/Library/Caches/org.scalameta.metals/bsp.trace.json[0m
2024.10.09 11:58:29 INFO  no build target found for /Users/olalomoellingsen/koding/informatikk/tdt4165/assignments/scala_project/part_1/Main.scala. Using presentation compiler with project's scala-library version: 3.3.3[0m
2024.10.09 11:58:31 INFO  time: Connected to build server in 2.57s[0m
2024.10.09 11:58:31 INFO  Connected to Build server: scala v1.4.3[0m
2024.10.09 11:58:31 INFO  running doctor check[0m
2024.10.09 11:58:31 INFO  java targets: part_1_cf478cf45d-357a4bf5af, part_1_cf478cf45d-357a4bf5af-test[0m
2024.10.09 11:58:32 WARN  Flyway upgrade recommended: H2 2.3.230 is newer than this version of Flyway and support has not been tested. The latest supported version of H2 is 2.2.220.[0m
2024.10.09 11:58:32 INFO  time: indexed workspace in 1.45s[0m
okt. 09, 2024 11:58:34 A.M. org.eclipse.lsp4j.jsonrpc.RemoteEndpoint handleCancellation
WARNING: Unmatched cancel notification for request id 24
2024.10.09 11:58:36 INFO  compiling part_1_cf478cf45d-357a4bf5af (1 scala source)[0m
2024.10.09 11:58:36 INFO  time: compiled part_1_cf478cf45d-357a4bf5af in 0.75s[0m
2024.10.09 11:58:44 INFO  Shutting down server[0m
2024.10.09 11:58:44 INFO  shutting down Metals[0m
2024.10.09 11:58:44 INFO  Shut down connection with build server.[0m
2024.10.09 11:58:44 INFO  Exiting server[0m
2024.10.09 11:58:47 INFO  Started: Metals version 1.3.5 in folders '/Users/olalomoellingsen/koding/informatikk/tdt4165/assignments/scala_project/part_1' for client Visual Studio Code 1.94.1.[0m
SLF4J(W): Class path contains multiple SLF4J providers.
SLF4J(W): Found provider [scribe.slf4j.ScribeServiceProvider@47f5b7d]
SLF4J(W): Found provider [ch.qos.logback.classic.spi.LogbackServiceProvider@44bf82eb]
SLF4J(W): See https://www.slf4j.org/codes.html#multiple_bindings for an explanation.
SLF4J(I): Actual provider is of type [scribe.slf4j.ScribeServiceProvider@47f5b7d]
2024.10.09 11:58:47 WARN  Flyway upgrade recommended: H2 2.3.230 is newer than this version of Flyway and support has not been tested. The latest supported version of H2 is 2.2.220.[0m
2024.10.09 11:58:48 INFO  Attempting to connect to the build server...[0m
2024.10.09 11:58:48 INFO  Running BSP server List(/opt/homebrew/Cellar/scala/3.5.1/libexec/bin/scala-cli.jar, --cli-default-scala-version, 3.5.1, --repository, file:///opt/homebrew/Cellar/scala/3.5.1/libexec/maven2, --prog-name, scala, bsp, --json-options, /Users/olalomoellingsen/koding/informatikk/tdt4165/assignments/scala_project/part_1/.scala-build/ide-options-v2.json, --json-launcher-options, /Users/olalomoellingsen/koding/informatikk/tdt4165/assignments/scala_project/part_1/.scala-build/ide-launcher-options.json, --envs-file, /Users/olalomoellingsen/koding/informatikk/tdt4165/assignments/scala_project/part_1/.scala-build/ide-envs.json, /Users/olalomoellingsen/koding/informatikk/tdt4165/assignments/scala_project/part_1/Main.scala)[0m
2024.10.09 11:58:48 INFO  no build target found for /Users/olalomoellingsen/koding/informatikk/tdt4165/assignments/scala_project/part_1/Main.scala. Using presentation compiler with project's scala-library version: 3.3.3[0m
2024.10.09 11:58:48 INFO  tracing is disabled for protocol BSP, to enable tracing of incoming and outgoing JSON messages create an empty file at /Users/olalomoellingsen/koding/informatikk/tdt4165/assignments/scala_project/part_1/.metals/bsp.trace.json or /Users/olalomoellingsen/Library/Caches/org.scalameta.metals/bsp.trace.json[0m
2024.10.09 11:58:50 INFO  time: Connected to build server in 2.57s[0m
2024.10.09 11:58:50 INFO  Connected to Build server: scala v1.4.3[0m
2024.10.09 11:58:51 INFO  running doctor check[0m
2024.10.09 11:58:51 INFO  java targets: part_1_cf478cf45d-357a4bf5af, part_1_cf478cf45d-357a4bf5af-test[0m
2024.10.09 11:58:52 WARN  Flyway upgrade recommended: H2 2.3.230 is newer than this version of Flyway and support has not been tested. The latest supported version of H2 is 2.2.220.[0m
2024.10.09 11:58:52 INFO  time: indexed workspace in 1.33s[0m
2024.10.09 12:02:06 INFO  compiling part_1_cf478cf45d-357a4bf5af (1 scala source)[0m
2024.10.09 12:02:06 INFO  time: compiled part_1_cf478cf45d-357a4bf5af in 0.78s[0m
2024.10.09 12:02:08 INFO  compiling part_1_cf478cf45d-357a4bf5af (1 scala source)[0m
2024.10.09 12:02:08 INFO  time: compiled part_1_cf478cf45d-357a4bf5af in 0.28s[0m
2024.10.09 12:07:42 INFO  compiling part_1_cf478cf45d-357a4bf5af (1 scala source)[0m
2024.10.09 12:07:42 INFO  time: compiled part_1_cf478cf45d-357a4bf5af in 0.72s[0m
2024.10.09 12:07:43 INFO  compiling part_1_cf478cf45d-357a4bf5af (1 scala source)[0m
2024.10.09 12:07:43 INFO  time: compiled part_1_cf478cf45d-357a4bf5af in 0.31s[0m
okt. 10, 2024 8:45:30 A.M. org.eclipse.lsp4j.jsonrpc.services.GenericEndpoint notify
INFO: Unsupported notification method: $/setTrace
okt. 10, 2024 8:52:21 A.M. org.eclipse.lsp4j.jsonrpc.services.GenericEndpoint notify
INFO: Unsupported notification method: $/setTrace
2024.10.10 08:53:00 INFO  Shutting down server[0m
2024.10.10 08:53:00 INFO  shutting down Metals[0m
2024.10.10 08:53:00 INFO  Shut down connection with build server.[0m
2024.10.10 08:53:00 INFO  Exiting server[0m
